2023-09-26T14:14:25.624+04:00  INFO 5516 --- [main] c.s.m.S.SchoolManagementAppApplication   : Starting SchoolManagementAppApplication using Java 20.0.1 with PID 5516 (C:\Users\Lenovo TUF\Desktop\Workspace\SchoolManagementApp\build\classes\java\main started by Ramin Allahverdiyev in C:\Users\Lenovo TUF\Desktop\Workspace\SchoolManagementApp)
2023-09-26T14:14:25.630+04:00  INFO 5516 --- [main] c.s.m.S.SchoolManagementAppApplication   : No active profile set, falling back to 1 default profile: "default"
2023-09-26T14:14:26.099+04:00  INFO 5516 --- [main] .s.d.r.c.RepositoryConfigurationDelegate : Bootstrapping Spring Data JPA repositories in DEFAULT mode.
2023-09-26T14:14:26.146+04:00  INFO 5516 --- [main] .s.d.r.c.RepositoryConfigurationDelegate : Finished Spring Data repository scanning in 41 ms. Found 3 JPA repository interfaces.
2023-09-26T14:14:26.501+04:00  INFO 5516 --- [main] o.s.b.w.embedded.tomcat.TomcatWebServer  : Tomcat initialized with port(s): 8285 (http)
2023-09-26T14:14:26.509+04:00  INFO 5516 --- [main] o.apache.catalina.core.StandardService   : Starting service [Tomcat]
2023-09-26T14:14:26.509+04:00  INFO 5516 --- [main] o.apache.catalina.core.StandardEngine    : Starting Servlet engine: [Apache Tomcat/10.1.12]
2023-09-26T14:14:26.569+04:00  INFO 5516 --- [main] o.a.c.c.C.[Tomcat].[localhost].[/]       : Initializing Spring embedded WebApplicationContext
2023-09-26T14:14:26.569+04:00  INFO 5516 --- [main] w.s.c.ServletWebServerApplicationContext : Root WebApplicationContext: initialization completed in 903 ms
2023-09-26T14:14:26.674+04:00  INFO 5516 --- [main] o.hibernate.jpa.internal.util.LogHelper  : HHH000204: Processing PersistenceUnitInfo [name: default]
2023-09-26T14:14:26.708+04:00  INFO 5516 --- [main] org.hibernate.Version                    : HHH000412: Hibernate ORM core version 6.2.7.Final
2023-09-26T14:14:26.711+04:00  INFO 5516 --- [main] org.hibernate.cfg.Environment            : HHH000406: Using bytecode reflection optimizer
2023-09-26T14:14:26.818+04:00  INFO 5516 --- [main] o.h.b.i.BytecodeProviderInitiator        : HHH000021: Bytecode provider name : bytebuddy
2023-09-26T14:14:26.920+04:00  INFO 5516 --- [main] o.s.o.j.p.SpringPersistenceUnitInfo      : No LoadTimeWeaver setup: ignoring JPA class transformer
2023-09-26T14:14:26.935+04:00  INFO 5516 --- [main] com.zaxxer.hikari.HikariDataSource       : HikariPool-1 - Starting...
2023-09-26T14:14:27.051+04:00  INFO 5516 --- [main] com.zaxxer.hikari.pool.HikariPool        : HikariPool-1 - Added connection com.mysql.cj.jdbc.ConnectionImpl@d0b814d
2023-09-26T14:14:27.053+04:00  INFO 5516 --- [main] com.zaxxer.hikari.HikariDataSource       : HikariPool-1 - Start completed.
2023-09-26T14:14:27.083+04:00  WARN 5516 --- [main] org.hibernate.orm.deprecation            : HHH90000026: MySQL8Dialect has been deprecated; use org.hibernate.dialect.MySQLDialect instead
2023-09-26T14:14:27.290+04:00  INFO 5516 --- [main] o.h.b.i.BytecodeProviderInitiator        : HHH000021: Bytecode provider name : bytebuddy
2023-09-26T14:14:27.791+04:00  INFO 5516 --- [main] o.h.e.t.j.p.i.JtaPlatformInitiator       : HHH000490: Using JtaPlatform implementation: [org.hibernate.engine.transaction.jta.platform.internal.NoJtaPlatform]
2023-09-26T14:14:27.989+04:00  INFO 5516 --- [main] j.LocalContainerEntityManagerFactoryBean : Initialized JPA EntityManagerFactory for persistence unit 'default'
2023-09-26T14:14:28.248+04:00  WARN 5516 --- [main] JpaBaseConfiguration$JpaWebConfiguration : spring.jpa.open-in-view is enabled by default. Therefore, database queries may be performed during view rendering. Explicitly configure spring.jpa.open-in-view to disable this warning
2023-09-26T14:14:28.524+04:00  INFO 5516 --- [main] o.s.b.w.embedded.tomcat.TomcatWebServer  : Tomcat started on port(s): 8285 (http) with context path ''
2023-09-26T14:14:28.531+04:00  INFO 5516 --- [main] c.s.m.S.SchoolManagementAppApplication   : Started SchoolManagementAppApplication in 3.247 seconds (process running for 3.686)
2023-09-26T15:27:09.907+04:00  INFO 5516 --- [SpringApplicationShutdownHook] j.LocalContainerEntityManagerFactoryBean : Closing JPA EntityManagerFactory for persistence unit 'default'
2023-09-26T15:27:09.918+04:00  INFO 5516 --- [SpringApplicationShutdownHook] com.zaxxer.hikari.HikariDataSource       : HikariPool-1 - Shutdown initiated...
2023-09-26T15:27:09.921+04:00  INFO 5516 --- [SpringApplicationShutdownHook] com.zaxxer.hikari.HikariDataSource       : HikariPool-1 - Shutdown completed.
